{"total": {"lines":{"total":101,"covered":92,"skipped":0,"pct":91.08},"statements":{"total":110,"covered":101,"skipped":0,"pct":91.81},"functions":{"total":17,"covered":17,"skipped":0,"pct":100},"branches":{"total":24,"covered":16,"skipped":0,"pct":66.66},"branchesTrue":{"total":0,"covered":0,"skipped":0,"pct":"Unknown"}}
,"C:/Users/mariu/OneDrive/Documents/GitHub/test_runner/src/compile_and_run.ts": {"lines":{"total":38,"covered":35,"skipped":0,"pct":92.1},"functions":{"total":6,"covered":6,"skipped":0,"pct":100},"statements":{"total":39,"covered":36,"skipped":0,"pct":92.3},"branches":{"total":8,"covered":6,"skipped":0,"pct":75}}
,"C:/Users/mariu/OneDrive/Documents/GitHub/test_runner/src/converter.ts": {"lines":{"total":18,"covered":16,"skipped":0,"pct":88.88},"functions":{"total":4,"covered":4,"skipped":0,"pct":100},"statements":{"total":20,"covered":18,"skipped":0,"pct":90},"branches":{"total":4,"covered":3,"skipped":0,"pct":75}}
,"C:/Users/mariu/OneDrive/Documents/GitHub/test_runner/src/lib.ts": {"lines":{"total":12,"covered":12,"skipped":0,"pct":100},"functions":{"total":1,"covered":1,"skipped":0,"pct":100},"statements":{"total":17,"covered":17,"skipped":0,"pct":100},"branches":{"total":2,"covered":2,"skipped":0,"pct":100}}
,"C:/Users/mariu/OneDrive/Documents/GitHub/test_runner/src/test_runner.ts": {"lines":{"total":33,"covered":29,"skipped":0,"pct":87.87},"functions":{"total":6,"covered":6,"skipped":0,"pct":100},"statements":{"total":34,"covered":30,"skipped":0,"pct":88.23},"branches":{"total":10,"covered":5,"skipped":0,"pct":50}}
}
